<?xml version="1.0" encoding="UTF-8"?>
<testsuite name="a4.InfixTest" tests="5" skipped="0" failures="0" errors="0" timestamp="2025-03-09T01:48:10" hostname="McBook.local" time="0.041">
  <properties/>
  <testcase name="testInfixThrowsException" classname="a4.InfixTest" time="0.007"/>
  <testcase name="testExponent" classname="a4.InfixTest" time="0.011"/>
  <testcase name="testParen" classname="a4.InfixTest" time="0.012"/>
  <testcase name="testSimple" classname="a4.InfixTest" time="0.01"/>
  <testcase name="testSingle" classname="a4.InfixTest" time="0.0"/>
  <system-out><![CDATA[+
^
^
^
^
^
^
^
^
+
^
-
+
^
-
*
^
/
*
^
/
+
+
+
+
+
+
+
+
-
-
-
-
*
*
*
*
/
/
/
/
+
/
*
+
/
-
/
-
-
-
+
*
-
/
+
*
-
*
-
*
-
*
+
-
*
+
-
+
/
-
-
/
/
+
+
+
+
+
+
+
+
+
-
-
-
-
-
-
-
-
*
*
*
*
*
*
*
*
/
/
/
+
*
-
-
*
+
*
-
*
-
-
*
/
-
-
/
+
-
-
+
*
/
/
*
/
-
/
]]></system-out>
  <system-err><![CDATA[]]></system-err>
</testsuite>
